Fri Aug 15 2014 18:01:08 GMT+0200 (CEST):
{ [Error: Server returned an unknown AccountType: undefined]
  stack: [Getter/Setter],
  __frame: 
   { name: '__1',
     line: 39,
     file: '/usr/local/azure/lib/commands/login.js',
     prev: undefined,
     active: false,
     offset: 38,
     col: 31 },
  rawStack: [Getter] }
Error: Server returned an unknown AccountType: undefined
    at Logger.createError (/usr/local/azure/node_modules/adal-node/lib/log.js:196:13)
    at /usr/local/azure/node_modules/adal-node/lib/token-request.js:366:35
    at UserRealm._parseDiscoveryResponse (/usr/local/azure/node_modules/adal-node/lib/user-realm.js:234:3)
    at /usr/local/azure/node_modules/adal-node/lib/user-realm.js:263:12
    at Request._callback (/usr/local/azure/node_modules/adal-node/lib/util.js:116:5)
    at Request.self.callback (/usr/local/azure/node_modules/adal-node/node_modules/request/request.js:123:22)
    at Request.EventEmitter.emit (events.js:98:17)
    at Request.<anonymous> (/usr/local/azure/node_modules/adal-node/node_modules/request/request.js:1047:14)
    at Request.EventEmitter.emit (events.js:117:20)
    at IncomingMessage.<anonymous> (/usr/local/azure/node_modules/adal-node/node_modules/request/request.js:998:12)
    at __1 (/usr/local/azure/lib/commands/login.js:77:31)

