0 info it worked if it ends with ok
1 verbose cli [ 'node', '/usr/local/bin/npm', 'install', '-g', 'csslint' ]
2 info using npm@1.4.28
3 info using node@v0.10.36
4 verbose cache add [ 'csslint', null ]
5 verbose cache add name=undefined spec="csslint" args=["csslint",null]
6 verbose parsed url { protocol: null,
6 verbose parsed url   slashes: null,
6 verbose parsed url   auth: null,
6 verbose parsed url   host: null,
6 verbose parsed url   port: null,
6 verbose parsed url   hostname: null,
6 verbose parsed url   hash: null,
6 verbose parsed url   search: null,
6 verbose parsed url   query: null,
6 verbose parsed url   pathname: 'csslint',
6 verbose parsed url   path: 'csslint',
6 verbose parsed url   href: 'csslint' }
7 silly lockFile 62b4fd4b-csslint csslint
8 verbose lock csslint /Users/ilnico/.npm/62b4fd4b-csslint.lock
9 silly lockFile 62b4fd4b-csslint csslint
10 silly lockFile 62b4fd4b-csslint csslint
11 verbose addNamed [ 'csslint', '' ]
12 verbose addNamed [ null, '*' ]
13 silly lockFile ba3ce932-csslint csslint@
14 verbose lock csslint@ /Users/ilnico/.npm/ba3ce932-csslint.lock
15 silly addNameRange { name: 'csslint', range: '*', hasData: false }
16 verbose request where is /csslint
17 verbose request registry https://registry.npmjs.org/
18 verbose request id 74af43c4ea57cb62
19 verbose url raw /csslint
20 verbose url resolving [ 'https://registry.npmjs.org/', './csslint' ]
21 verbose url resolved https://registry.npmjs.org/csslint
22 verbose request where is https://registry.npmjs.org/csslint
23 info trying registry request attempt 1 at 13:56:29
24 http GET https://registry.npmjs.org/csslint
25 http 200 https://registry.npmjs.org/csslint
26 silly registry.get cb [ 200,
26 silly registry.get   { date: 'Mon, 16 Feb 2015 12:56:30 GMT',
26 silly registry.get     server: 'CouchDB/1.5.0 (Erlang OTP/R16B03)',
26 silly registry.get     etag: '"51ATROI5925I7327875BFF80P"',
26 silly registry.get     'content-type': 'application/json',
26 silly registry.get     'cache-control': 'max-age=60',
26 silly registry.get     'content-length': '23405',
26 silly registry.get     'accept-ranges': 'bytes',
26 silly registry.get     via: '1.1 varnish',
26 silly registry.get     age: '46',
26 silly registry.get     'x-served-by': 'cache-fra1238-FRA',
26 silly registry.get     'x-cache': 'HIT',
26 silly registry.get     'x-cache-hits': '1',
26 silly registry.get     'x-timer': 'S1424091390.261530,VS0,VE0',
26 silly registry.get     vary: 'Accept',
26 silly registry.get     'keep-alive': 'timeout=10, max=50',
26 silly registry.get     connection: 'Keep-Alive' } ]
27 silly addNameRange number 2 { name: 'csslint', range: '*', hasData: true }
28 silly addNameRange versions [ 'csslint',
28 silly addNameRange   [ '0.1.0',
28 silly addNameRange     '0.2.0',
28 silly addNameRange     '0.3.0',
28 silly addNameRange     '0.3.1',
28 silly addNameRange     '0.3.2',
28 silly addNameRange     '0.4.0',
28 silly addNameRange     '0.5.0',
28 silly addNameRange     '0.6.0',
28 silly addNameRange     '0.6.1',
28 silly addNameRange     '0.7.0',
28 silly addNameRange     '0.8.0',
28 silly addNameRange     '0.8.1',
28 silly addNameRange     '0.8.5',
28 silly addNameRange     '0.9.0',
28 silly addNameRange     '0.9.1',
28 silly addNameRange     '0.9.2',
28 silly addNameRange     '0.9.5',
28 silly addNameRange     '0.9.6',
28 silly addNameRange     '0.9.7',
28 silly addNameRange     '0.9.8',
28 silly addNameRange     '0.9.9',
28 silly addNameRange     '0.9.10',
28 silly addNameRange     '0.10.0' ] ]
29 verbose addNamed [ 'csslint', '0.10.0' ]
30 verbose addNamed [ '0.10.0', '0.10.0' ]
31 silly lockFile e8e04c8a-csslint-0-10-0 csslint@0.10.0
32 verbose lock csslint@0.10.0 /Users/ilnico/.npm/e8e04c8a-csslint-0-10-0.lock
33 silly lockFile 59df0017-s-org-csslint-csslint-0-10-0-tgz https://registry.npmjs.org/csslint/-/csslint-0.10.0.tgz
34 verbose lock https://registry.npmjs.org/csslint/-/csslint-0.10.0.tgz /Users/ilnico/.npm/59df0017-s-org-csslint-csslint-0-10-0-tgz.lock
35 verbose addRemoteTarball [ 'https://registry.npmjs.org/csslint/-/csslint-0.10.0.tgz',
35 verbose addRemoteTarball   '3a6a04e7565c8e9d19beb49767c7ec96e8365805' ]
36 info retry fetch attempt 1 at 13:56:30
37 verbose fetch to= /var/folders/q5/_tc230dj3gz__cc028_jk02m0000gn/T/npm-18435-u-Rs4Cwl/registry.npmjs.org/csslint/-/csslint-0.10.0.tgz
38 http GET https://registry.npmjs.org/csslint/-/csslint-0.10.0.tgz
39 http 200 https://registry.npmjs.org/csslint/-/csslint-0.10.0.tgz
40 silly lockFile 59df0017-s-org-csslint-csslint-0-10-0-tgz https://registry.npmjs.org/csslint/-/csslint-0.10.0.tgz
41 silly lockFile 59df0017-s-org-csslint-csslint-0-10-0-tgz https://registry.npmjs.org/csslint/-/csslint-0.10.0.tgz
42 silly lockFile e8e04c8a-csslint-0-10-0 csslint@0.10.0
43 silly lockFile e8e04c8a-csslint-0-10-0 csslint@0.10.0
44 silly lockFile ba3ce932-csslint csslint@
45 silly lockFile ba3ce932-csslint csslint@
46 silly resolved [ { name: 'csslint',
46 silly resolved     version: '0.10.0',
46 silly resolved     description: 'CSSLint',
46 silly resolved     author: { name: 'Nicole Sullivan' },
46 silly resolved     contributors: [ [Object] ],
46 silly resolved     engines: { node: '>=0.8.0' },
46 silly resolved     directories: { lib: 'lib' },
46 silly resolved     main: './lib/csslint-node.js',
46 silly resolved     bin: { csslint: './cli.js' },
46 silly resolved     scripts: { test: 'grunt test' },
46 silly resolved     licenses: [ [Object] ],
46 silly resolved     bugs: { url: 'https://github.com/stubbornella/csslint/issues' },
46 silly resolved     repository:
46 silly resolved      { type: 'git',
46 silly resolved        url: 'https://github.com/stubbornella/csslint.git' },
46 silly resolved     dependencies: { parserlib: '~0.2.2' },
46 silly resolved     devDependencies:
46 silly resolved      { grunt: '~0.4.1',
46 silly resolved        'grunt-contrib-jshint': '~0.5.4',
46 silly resolved        'grunt-contrib-concat': '~0.3.0',
46 silly resolved        'grunt-contrib-watch': '~0.4.4',
46 silly resolved        yuitest: '~0.7.9',
46 silly resolved        'grunt-contrib-clean': '~0.4.1',
46 silly resolved        'grunt-contrib-copy': '~0.4.1',
46 silly resolved        'grunt-include-replace': '~0.4.0' },
46 silly resolved     _id: 'csslint@0.10.0',
46 silly resolved     dist:
46 silly resolved      { shasum: '3a6a04e7565c8e9d19beb49767c7ec96e8365805',
46 silly resolved        tarball: 'http://registry.npmjs.org/csslint/-/csslint-0.10.0.tgz' },
46 silly resolved     _from: 'csslint@',
46 silly resolved     _npmVersion: '1.2.32',
46 silly resolved     _npmUser: { name: 'stubbornella', email: 'nicole@stubbornella.org' },
46 silly resolved     maintainers: [ [Object], [Object] ],
46 silly resolved     _shasum: '3a6a04e7565c8e9d19beb49767c7ec96e8365805',
46 silly resolved     _resolved: 'https://registry.npmjs.org/csslint/-/csslint-0.10.0.tgz' } ]
47 info install csslint@0.10.0 into /usr/local/lib
48 info installOne csslint@0.10.0
49 verbose lib/node_modules/csslint unbuild
50 verbose tar unpack /Users/ilnico/.npm/csslint/0.10.0/package.tgz
51 silly lockFile c2d629a1-r-local-lib-node-modules-csslint tar:///usr/local/lib/node_modules/csslint
52 verbose lock tar:///usr/local/lib/node_modules/csslint /Users/ilnico/.npm/c2d629a1-r-local-lib-node-modules-csslint.lock
53 silly lockFile ffb8b1d2-o-npm-csslint-0-10-0-package-tgz tar:///Users/ilnico/.npm/csslint/0.10.0/package.tgz
54 verbose lock tar:///Users/ilnico/.npm/csslint/0.10.0/package.tgz /Users/ilnico/.npm/ffb8b1d2-o-npm-csslint-0-10-0-package-tgz.lock
55 silly gunzTarPerm modes [ '755', '644' ]
56 error Error: EACCES, mkdir '/usr/local/lib/node_modules/csslint'
56 error  { [Error: EACCES, mkdir '/usr/local/lib/node_modules/csslint']
56 error   errno: 3,
56 error   code: 'EACCES',
56 error   path: '/usr/local/lib/node_modules/csslint',
56 error   fstream_type: 'Directory',
56 error   fstream_path: '/usr/local/lib/node_modules/csslint',
56 error   fstream_class: 'DirWriter',
56 error   fstream_stack:
56 error    [ '/usr/local/lib/node_modules/npm/node_modules/fstream/lib/dir-writer.js:36:23',
56 error      '/usr/local/lib/node_modules/npm/node_modules/mkdirp/index.js:46:53',
56 error      'Object.oncomplete (fs.js:108:15)' ] }
57 error Please try running this command again as root/Administrator.
58 error System Darwin 14.1.0
59 error command "node" "/usr/local/bin/npm" "install" "-g" "csslint"
60 error cwd /Users/ilnico/Nitrous/nico-dev/coalcashop
61 error node -v v0.10.36
62 error npm -v 1.4.28
63 error path /usr/local/lib/node_modules/csslint
64 error fstream_path /usr/local/lib/node_modules/csslint
65 error fstream_type Directory
66 error fstream_class DirWriter
67 error code EACCES
68 error errno 3
69 error stack Error: EACCES, mkdir '/usr/local/lib/node_modules/csslint'
70 error fstream_stack /usr/local/lib/node_modules/npm/node_modules/fstream/lib/dir-writer.js:36:23
70 error fstream_stack /usr/local/lib/node_modules/npm/node_modules/mkdirp/index.js:46:53
70 error fstream_stack Object.oncomplete (fs.js:108:15)
71 verbose exit [ 3, true ]
